<?xml version="1.0" encoding="UTF-8"?>
<!-- Generated by org.testng.reporters.JUnitReportReporter -->
<testsuite hostname="DESKTOP-OA7455B" failures="0" tests="1" name="testcases.NewTest" time="23.446" errors="0" timestamp="2024-06-02T12:58:16 IST" skipped="0">
  <testcase classname="testcases.NewTest" name="f" time="23.446"/>
  <system-out/>
</testsuite> <!-- testcases.NewTest -->
