<?xml version="1.0" encoding="UTF-8"?>
<!-- Generated by org.testng.reporters.JUnitReportReporter -->
<testsuite hostname="DESKTOP-OA7455B" failures="0" tests="1" name="GoogleSearchTest" time="3.225" errors="0" timestamp="2024-05-15T12:11:04 IST" skipped="0">
  <testcase classname="GoogleSearchTest" name="testGoogleSearch" time="3.225"/>
  <system-out/>
</testsuite> <!-- GoogleSearchTest -->
